File verbosity level: 8
date       time         ( uptime  ) [ thread name/id ]                   file:line     v| 
2022-11-17 19:17:56.891 (   0.000s) [        5D402740]             loguru.cpp:842   INFO| Logging to 'output8081.log', mode: 'w', verbosity: 8
2022-11-17 19:17:56.891 (   0.000s) [main thread     ]             loguru.cpp:660   INFO| arguments: ./build/a.out
2022-11-17 19:17:56.891 (   0.000s) [main thread     ]             loguru.cpp:663   INFO| Current dir: /home/upprsk/Documents/ina/proj-c206-c207/repo
2022-11-17 19:17:56.891 (   0.000s) [main thread     ]             loguru.cpp:665   INFO| stderr verbosity: -9
2022-11-17 19:17:56.891 (   0.000s) [main thread     ]             loguru.cpp:666   INFO| -----------------------------------
2022-11-17 19:17:56.891 (   0.000s) [main thread     ]               term.cpp:40    WARN| set_termios_control 0, 0
2022-11-17 19:17:56.891 (   0.000s) [main thread     ]               conn.cpp:79    INFO| { execute_many
2022-11-17 19:17:56.892 (   0.000s) [main thread     ]               conn.cpp:79    INFO| } 0.000 s: execute_many
2022-11-17 19:17:56.892 (   0.000s) [main thread     ]     chatview-scene.cpp:55       5| Mount for chatview scene
2022-11-17 19:17:56.892 (   0.000s) [main thread     ]          net-scene.cpp:72    INFO| Got listening port 8081
2022-11-17 19:17:56.892 (   0.000s) [main thread     ]               conn.cpp:79    INFO| { execute_many
2022-11-17 19:17:56.892 (   0.000s) [main thread     ]               conn.cpp:79    INFO| } 0.000 s: execute_many
2022-11-17 19:18:07.100 (  10.208s) [main thread     ]     chatview-scene.cpp:60       7| Selected next chat: 0
2022-11-17 19:18:07.100 (  10.208s) [main thread     ]     chatinfo-scene.cpp:67    INFO| 1, user 0, 1, localhost:8080
2022-11-17 19:18:11.159 (  14.267s) [main thread     ]               term.cpp:40    WARN| set_termios_control 0, 0
2022-11-17 19:18:11.173 (  14.281s) [main thread     ]              state.hpp:316      5| sending msg 'hey there!' to localhost:8080
2022-11-17 19:18:11.207 (  14.315s) [main thread     ]          net-scene.cpp:37    INFO| ended 14 with no errors
2022-11-17 19:18:16.045 (  19.154s) [main thread     ]               term.cpp:40    WARN| set_termios_control 0, 0
2022-11-17 19:18:16.059 (  19.168s) [main thread     ]              state.hpp:316      5| sending msg 'this does not fit' to localhost:8080
2022-11-17 19:18:16.093 (  19.201s) [main thread     ]          net-scene.cpp:37    INFO| ended 15 with no errors
2022-11-17 19:18:20.377 (  23.485s) [main thread     ]     chatview-scene.cpp:60       7| Selected next chat: 0
2022-11-17 19:18:28.512 (  31.620s) [main thread     ]               term.cpp:40    WARN| set_termios_control 0, 0
2022-11-17 19:18:28.525 (  31.634s) [main thread     ]              state.hpp:316      5| sending msg 'well, actually the top thing' to localhost:8080
2022-11-17 19:18:28.526 (  31.634s) [main thread     ]          net-scene.cpp:37    INFO| ended 16 with no errors
2022-11-17 19:18:37.618 (  40.726s) [main thread     ]               term.cpp:40    WARN| set_termios_control 0, 0
2022-11-17 19:18:37.631 (  40.740s) [main thread     ]              state.hpp:316      5| sending msg 'are we cropping correctly?' to localhost:8080
2022-11-17 19:18:37.632 (  40.740s) [main thread     ]          net-scene.cpp:37    INFO| ended 17 with no errors
2022-11-17 19:18:44.547 (  47.656s) [main thread     ]               term.cpp:40    WARN| set_termios_control 0, 0
2022-11-17 19:18:44.561 (  47.670s) [main thread     ]              state.hpp:316      5| sending msg 'i think so...' to localhost:8080
2022-11-17 19:18:44.561 (  47.670s) [main thread     ]          net-scene.cpp:37    INFO| ended 18 with no errors
2022-11-17 19:18:48.584 (  51.693s) [main thread     ]             loguru.cpp:539   INFO| atexit
